<?xml version="1.0" encoding="UTF-8"?>
<testsuite xmlns:xsi="http://www.w3.org/2001/XMLSchema-instance" xsi:noNamespaceSchemaLocation="https://maven.apache.org/surefire/maven-surefire-plugin/xsd/surefire-test-report-3.0.xsd" version="3.0" name="org.jenkinsci.plugins.OosStatusQueryStepTest" time="0.001" tests="1" errors="0" skipped="0" failures="0">
  <properties>
    <property name="gopherProxySet" value="false"/>
    <property name="awt.toolkit" value="sun.lwawt.macosx.LWCToolkit"/>
    <property name="hudson.udp" value="-1"/>
    <property name="file.encoding.pkg" value="sun.io"/>
    <property name="java.specification.version" value="1.8"/>
    <property name="sun.cpu.isalist" value=""/>
    <property name="sun.jnu.encoding" value="UTF-8"/>
    <property name="java.class.path" value="/Users/nancy/Documents/all/rr/publisher/alibabacloud-package-deployment-pipeline/target/test-classes:/Users/nancy/Documents/all/rr/publisher/alibabacloud-package-deployment-pipeline/target/classes:/Users/nancy/.m2/repository/org/powermock/powermock-module-junit4/1.6.5/powermock-module-junit4-1.6.5.jar:/Users/nancy/.m2/repository/org/powermock/powermock-module-junit4-common/1.6.5/powermock-module-junit4-common-1.6.5.jar:/Users/nancy/.m2/repository/org/powermock/powermock-core/1.6.5/powermock-core-1.6.5.jar:/Users/nancy/.m2/repository/org/javassist/javassist/3.20.0-GA/javassist-3.20.0-GA.jar:/Users/nancy/.m2/repository/org/powermock/powermock-reflect/1.6.5/powermock-reflect-1.6.5.jar:/Users/nancy/.m2/repository/org/objenesis/objenesis/3.1/objenesis-3.1.jar:/Users/nancy/.m2/repository/org/slf4j/slf4j-api/1.7.32/slf4j-api-1.7.32.jar:/Users/nancy/.m2/repository/org/jenkins-ci/plugins/workflow/workflow-step-api/2.12/workflow-step-api-2.12.jar:/Users/nancy/.m2/repository/org/jenkins-ci/plugins/structs/1.5/structs-1.5.jar:/Users/nancy/.m2/repository/com/alibaba/fastjson/1.2.73/fastjson-1.2.73.jar:/Users/nancy/.m2/repository/com/aliyun/oss/aliyun-sdk-oss/3.16.1/aliyun-sdk-oss-3.16.1.jar:/Users/nancy/.m2/repository/org/apache/httpcomponents/httpclient/4.5.13/httpclient-4.5.13.jar:/Users/nancy/.m2/repository/org/apache/httpcomponents/httpcore/4.4.13/httpcore-4.4.13.jar:/Users/nancy/.m2/repository/org/jdom/jdom2/2.0.6.1/jdom2-2.0.6.1.jar:/Users/nancy/.m2/repository/org/codehaus/jettison/jettison/1.5.2/jettison-1.5.2.jar:/Users/nancy/.m2/repository/com/aliyun/aliyun-java-sdk-core/4.5.10/aliyun-java-sdk-core-4.5.10.jar:/Users/nancy/.m2/repository/javax/xml/bind/jaxb-api/2.3.1/jaxb-api-2.3.1.jar:/Users/nancy/.m2/repository/javax/activation/javax.activation-api/1.2.0/javax.activation-api-1.2.0.jar:/Users/nancy/.m2/repository/org/jacoco/org.jacoco.agent/0.8.5/org.jacoco.agent-0.8.5-runtime.jar:/Users/nancy/.m2/repository/org/ini4j/ini4j/0.5.4/ini4j-0.5.4.jar:/Users/nancy/.m2/repository/io/opentracing/opentracing-api/0.33.0/opentracing-api-0.33.0.jar:/Users/nancy/.m2/repository/io/opentracing/opentracing-util/0.33.0/opentracing-util-0.33.0.jar:/Users/nancy/.m2/repository/io/opentracing/opentracing-noop/0.33.0/opentracing-noop-0.33.0.jar:/Users/nancy/.m2/repository/com/aliyun/aliyun-java-sdk-ram/3.1.0/aliyun-java-sdk-ram-3.1.0.jar:/Users/nancy/.m2/repository/com/aliyun/aliyun-java-sdk-kms/2.11.0/aliyun-java-sdk-kms-2.11.0.jar:/Users/nancy/.m2/repository/com/aliyun/aliyun-java-sdk-oos/1.5.10/aliyun-java-sdk-oos-1.5.10.jar:/Users/nancy/.m2/repository/com/google/code/gson/gson/2.8.9/gson-2.8.9.jar:/Users/nancy/.m2/repository/org/jenkins-ci/main/jenkins-core/2.190.1/jenkins-core-2.190.1.jar:/Users/nancy/.m2/repository/org/jenkins-ci/plugins/icon-shim/icon-set/1.0.5/icon-set-1.0.5.jar:/Users/nancy/.m2/repository/org/jenkins-ci/main/remoting/3.33/remoting-3.33.jar:/Users/nancy/.m2/repository/org/jenkins-ci/constant-pool-scanner/1.2/constant-pool-scanner-1.2.jar:/Users/nancy/.m2/repository/org/jenkins-ci/main/cli/2.190.1/cli-2.190.1.jar:/Users/nancy/.m2/repository/net/i2p/crypto/eddsa/0.3.0/eddsa-0.3.0.jar:/Users/nancy/.m2/repository/org/jenkins-ci/version-number/1.6/version-number-1.6.jar:/Users/nancy/.m2/repository/com/google/code/findbugs/annotations/3.0.0/annotations-3.0.0.jar:/Users/nancy/.m2/repository/org/jenkins-ci/crypto-util/1.1/crypto-util-1.1.jar:/Users/nancy/.m2/repository/org/jvnet/hudson/jtidy/4aug2000r7-dev-hudson-1/jtidy-4aug2000r7-dev-hudson-1.jar:/Users/nancy/.m2/repository/com/google/inject/guice/4.0/guice-4.0.jar:/Users/nancy/.m2/repository/javax/inject/javax.inject/1/javax.inject-1.jar:/Users/nancy/.m2/repository/aopalliance/aopalliance/1.0/aopalliance-1.0.jar:/Users/nancy/.m2/repository/org/connectbot/jbcrypt/jbcrypt/1.0.0/jbcrypt-1.0.0.jar:/Users/nancy/.m2/repository/org/jruby/ext/posix/jna-posix/1.0.3-jenkins-1/jna-posix-1.0.3-jenkins-1.jar:/Users/nancy/.m2/repository/com/github/jnr/jnr-posix/3.0.45/jnr-posix-3.0.45.jar:/Users/nancy/.m2/repository/com/github/jnr/jnr-ffi/2.1.8/jnr-ffi-2.1.8.jar:/Users/nancy/.m2/repository/com/github/jnr/jffi/1.2.17/jffi-1.2.17.jar:/Users/nancy/.m2/repository/com/github/jnr/jffi/1.2.16/jffi-1.2.16-native.jar:/Users/nancy/.m2/repository/org/ow2/asm/asm/5.0.3/asm-5.0.3.jar:/Users/nancy/.m2/repository/org/ow2/asm/asm-commons/5.0.3/asm-commons-5.0.3.jar:/Users/nancy/.m2/repository/org/ow2/asm/asm-analysis/5.0.3/asm-analysis-5.0.3.jar:/Users/nancy/.m2/repository/org/ow2/asm/asm-tree/5.0.3/asm-tree-5.0.3.jar:/Users/nancy/.m2/repository/org/ow2/asm/asm-util/5.0.3/asm-util-5.0.3.jar:/Users/nancy/.m2/repository/com/github/jnr/jnr-x86asm/1.0.2/jnr-x86asm-1.0.2.jar:/Users/nancy/.m2/repository/com/github/jnr/jnr-constants/0.9.9/jnr-constants-0.9.9.jar:/Users/nancy/.m2/repository/org/kohsuke/stapler/stapler-groovy/1.257.2/stapler-groovy-1.257.2.jar:/Users/nancy/.m2/repository/org/kohsuke/stapler/stapler-jelly/1.257.2/stapler-jelly-1.257.2.jar:/Users/nancy/.m2/repository/org/jenkins-ci/commons-jelly/1.1-jenkins-20120928/commons-jelly-1.1-jenkins-20120928.jar:/Users/nancy/.m2/repository/org/jenkins-ci/dom4j/dom4j/1.6.1-jenkins-4/dom4j-1.6.1-jenkins-4.jar:/Users/nancy/.m2/repository/org/kohsuke/stapler/stapler-jrebel/1.257.2/stapler-jrebel-1.257.2.jar:/Users/nancy/.m2/repository/org/kohsuke/stapler/stapler/1.257.2/stapler-1.257.2.jar:/Users/nancy/.m2/repository/javax/annotation/javax.annotation-api/1.2/javax.annotation-api-1.2.jar:/Users/nancy/.m2/repository/commons-discovery/commons-discovery/0.4/commons-discovery-0.4.jar:/Users/nancy/.m2/repository/org/jvnet/tiger-types/2.2/tiger-types-2.2.jar:/Users/nancy/.m2/repository/org/kohsuke/asm5/5.0.1/asm5-5.0.1.jar:/Users/nancy/.m2/repository/org/kohsuke/windows-package-checker/1.2/windows-package-checker-1.2.jar:/Users/nancy/.m2/repository/org/kohsuke/stapler/stapler-adjunct-zeroclipboard/1.3.5-1/stapler-adjunct-zeroclipboard-1.3.5-1.jar:/Users/nancy/.m2/repository/org/kohsuke/stapler/stapler-adjunct-timeline/1.5/stapler-adjunct-timeline-1.5.jar:/Users/nancy/.m2/repository/org/kohsuke/stapler/stapler-adjunct-codemirror/1.3/stapler-adjunct-codemirror-1.3.jar:/Users/nancy/.m2/repository/io/jenkins/stapler/jenkins-stapler-support/1.1/jenkins-stapler-support-1.1.jar:/Users/nancy/.m2/repository/com/infradna/tool/bridge-method-annotation/1.13/bridge-method-annotation-1.13.jar:/Users/nancy/.m2/repository/org/kohsuke/stapler/json-lib/2.4-jenkins-2/json-lib-2.4-jenkins-2.jar:/Users/nancy/.m2/repository/net/sf/ezmorph/ezmorph/1.0.6/ezmorph-1.0.6.jar:/Users/nancy/.m2/repository/commons-httpclient/commons-httpclient/3.1-jenkins-1/commons-httpclient-3.1-jenkins-1.jar:/Users/nancy/.m2/repository/args4j/args4j/2.33/args4j-2.33.jar:/Users/nancy/.m2/repository/org/jenkins-ci/annotation-indexer/1.12/annotation-indexer-1.12.jar:/Users/nancy/.m2/repository/org/jenkins-ci/bytecode-compatibility-transformer/2.0-beta-2/bytecode-compatibility-transformer-2.0-beta-2.jar:/Users/nancy/.m2/repository/org/kohsuke/asm6/6.2/asm6-6.2.jar:/Users/nancy/.m2/repository/org/jenkins-ci/task-reactor/1.5/task-reactor-1.5.jar:/Users/nancy/.m2/repository/org/jvnet/localizer/localizer/1.26/localizer-1.26.jar:/Users/nancy/.m2/repository/antlr/antlr/2.7.6/antlr-2.7.6.jar:/Users/nancy/.m2/repository/org/jvnet/hudson/xstream/1.4.7-jenkins-1/xstream-1.4.7-jenkins-1.jar:/Users/nancy/.m2/repository/xpp3/xpp3/1.1.4c/xpp3-1.1.4c.jar:/Users/nancy/.m2/repository/net/sf/kxml/kxml2/2.3.0/kxml2-2.3.0.jar:/Users/nancy/.m2/repository/jfree/jfreechart/1.0.9/jfreechart-1.0.9.jar:/Users/nancy/.m2/repository/jfree/jcommon/1.0.12/jcommon-1.0.12.jar:/Users/nancy/.m2/repository/org/apache/ant/ant/1.9.14/ant-1.9.14.jar:/Users/nancy/.m2/repository/org/apache/ant/ant-launcher/1.9.14/ant-launcher-1.9.14.jar:/Users/nancy/.m2/repository/commons-io/commons-io/2.6/commons-io-2.6.jar:/Users/nancy/.m2/repository/commons-lang/commons-lang/2.6/commons-lang-2.6.jar:/Users/nancy/.m2/repository/commons-digester/commons-digester/2.1/commons-digester-2.1.jar:/Users/nancy/.m2/repository/commons-beanutils/commons-beanutils/1.9.3/commons-beanutils-1.9.3.jar:/Users/nancy/.m2/repository/org/apache/commons/commons-compress/1.10/commons-compress-1.10.jar:/Users/nancy/.m2/repository/javax/mail/mail/1.4.4/mail-1.4.4.jar:/Users/nancy/.m2/repository/org/jvnet/hudson/activation/1.1.1-hudson-1/activation-1.1.1-hudson-1.jar:/Users/nancy/.m2/repository/jaxen/jaxen/1.1-beta-11/jaxen-1.1-beta-11.jar:/Users/nancy/.m2/repository/commons-jelly/commons-jelly-tags-fmt/1.0/commons-jelly-tags-fmt-1.0.jar:/Users/nancy/.m2/repository/commons-jelly/commons-jelly-tags-xml/1.1/commons-jelly-tags-xml-1.1.jar:/Users/nancy/.m2/repository/org/jvnet/hudson/commons-jelly-tags-define/1.0.1-hudson-20071021/commons-jelly-tags-define-1.0.1-hudson-20071021.jar:/Users/nancy/.m2/repository/org/jenkins-ci/commons-jexl/1.1-jenkins-20111212/commons-jexl-1.1-jenkins-20111212.jar:/Users/nancy/.m2/repository/org/acegisecurity/acegi-security/1.0.7/acegi-security-1.0.7.jar:/Users/nancy/.m2/repository/org/springframework/spring-jdbc/1.2.9/spring-jdbc-1.2.9.jar:/Users/nancy/.m2/repository/org/springframework/spring-dao/1.2.9/spring-dao-1.2.9.jar:/Users/nancy/.m2/repository/oro/oro/2.0.8/oro-2.0.8.jar:/Users/nancy/.m2/repository/log4j/log4j/1.2.17/log4j-1.2.17.jar:/Users/nancy/.m2/repository/org/codehaus/groovy/groovy-all/2.4.12/groovy-all-2.4.12.jar:/Users/nancy/.m2/repository/jline/jline/2.12/jline-2.12.jar:/Users/nancy/.m2/repository/org/fusesource/jansi/jansi/1.11/jansi-1.11.jar:/Users/nancy/.m2/repository/org/springframework/spring-webmvc/2.5.6.SEC03/spring-webmvc-2.5.6.SEC03.jar:/Users/nancy/.m2/repository/org/springframework/spring-beans/2.5.6.SEC03/spring-beans-2.5.6.SEC03.jar:/Users/nancy/.m2/repository/org/springframework/spring-context/2.5.6.SEC03/spring-context-2.5.6.SEC03.jar:/Users/nancy/.m2/repository/org/springframework/spring-context-support/2.5.6.SEC03/spring-context-support-2.5.6.SEC03.jar:/Users/nancy/.m2/repository/org/springframework/spring-web/2.5.6.SEC03/spring-web-2.5.6.SEC03.jar:/Users/nancy/.m2/repository/org/springframework/spring-core/2.5.6.SEC03/spring-core-2.5.6.SEC03.jar:/Users/nancy/.m2/repository/org/springframework/spring-aop/2.5.6.SEC03/spring-aop-2.5.6.SEC03.jar:/Users/nancy/.m2/repository/javax/servlet/jsp/jstl/javax.servlet.jsp.jstl-api/1.2.1/javax.servlet.jsp.jstl-api-1.2.1.jar:/Users/nancy/.m2/repository/org/slf4j/jcl-over-slf4j/1.7.26/jcl-over-slf4j-1.7.26.jar:/Users/nancy/.m2/repository/org/slf4j/log4j-over-slf4j/1.7.26/log4j-over-slf4j-1.7.26.jar:/Users/nancy/.m2/repository/com/sun/xml/txw2/txw2/20110809/txw2-20110809.jar:/Users/nancy/.m2/repository/javax/xml/stream/stax-api/1.0-2/stax-api-1.0-2.jar:/Users/nancy/.m2/repository/relaxngDatatype/relaxngDatatype/20020414/relaxngDatatype-20020414.jar:/Users/nancy/.m2/repository/commons-collections/commons-collections/3.2.2/commons-collections-3.2.2.jar:/Users/nancy/.m2/repository/org/jvnet/winp/winp/1.28/winp-1.28.jar:/Users/nancy/.m2/repository/org/jenkins-ci/memory-monitor/1.9/memory-monitor-1.9.jar:/Users/nancy/.m2/repository/org/codehaus/woodstox/wstx-asl/3.2.9/wstx-asl-3.2.9.jar:/Users/nancy/.m2/repository/stax/stax-api/1.0.1/stax-api-1.0.1.jar:/Users/nancy/.m2/repository/org/jmdns/jmdns/3.5.5/jmdns-3.5.5.jar:/Users/nancy/.m2/repository/net/java/dev/jna/jna/5.3.1/jna-5.3.1.jar:/Users/nancy/.m2/repository/org/kohsuke/akuma/1.10/akuma-1.10.jar:/Users/nancy/.m2/repository/org/kohsuke/libpam4j/1.11/libpam4j-1.11.jar:/Users/nancy/.m2/repository/org/kohsuke/libzfs/0.8/libzfs-0.8.jar:/Users/nancy/.m2/repository/com/sun/solaris/embedded_su4j/1.1/embedded_su4j-1.1.jar:/Users/nancy/.m2/repository/net/java/sezpoz/sezpoz/1.13/sezpoz-1.13.jar:/Users/nancy/.m2/repository/org/kohsuke/jinterop/j-interop/2.0.6-kohsuke-1/j-interop-2.0.6-kohsuke-1.jar:/Users/nancy/.m2/repository/org/kohsuke/jinterop/j-interopdeps/2.0.6-kohsuke-1/j-interopdeps-2.0.6-kohsuke-1.jar:/Users/nancy/.m2/repository/org/samba/jcifs/jcifs/1.3.17-kohsuke-1/jcifs-1.3.17-kohsuke-1.jar:/Users/nancy/.m2/repository/org/jvnet/robust-http-client/robust-http-client/1.2/robust-http-client-1.2.jar:/Users/nancy/.m2/repository/org/jenkins-ci/symbol-annotation/1.1/symbol-annotation-1.1.jar:/Users/nancy/.m2/repository/commons-codec/commons-codec/1.12/commons-codec-1.12.jar:/Users/nancy/.m2/repository/commons-fileupload/commons-fileupload/1.3.1-jenkins-2/commons-fileupload-1.3.1-jenkins-2.jar:/Users/nancy/.m2/repository/com/google/guava/guava/11.0.1/guava-11.0.1.jar:/Users/nancy/.m2/repository/com/jcraft/jzlib/1.1.3-kohsuke-1/jzlib-1.1.3-kohsuke-1.jar:/Users/nancy/.m2/repository/org/jenkins-ci/main/jenkins-war/2.190.1/jenkins-war-2.190.1.war:/Users/nancy/.m2/repository/org/jenkins-ci/modules/instance-identity/2.2/instance-identity-2.2.jar:/Users/nancy/.m2/repository/io/github/stephenc/crypto/self-signed-cert-generator/1.0.0/self-signed-cert-generator-1.0.0.jar:/Users/nancy/.m2/repository/org/jenkins-ci/modules/ssh-cli-auth/1.7/ssh-cli-auth-1.7.jar:/Users/nancy/.m2/repository/org/jenkins-ci/modules/slave-installer/1.6/slave-installer-1.6.jar:/Users/nancy/.m2/repository/org/jenkins-ci/modules/windows-slave-installer/1.11/windows-slave-installer-1.11.jar:/Users/nancy/.m2/repository/org/jenkins-ci/modules/launchd-slave-installer/1.2/launchd-slave-installer-1.2.jar:/Users/nancy/.m2/repository/org/jenkins-ci/modules/upstart-slave-installer/1.1/upstart-slave-installer-1.1.jar:/Users/nancy/.m2/repository/org/jenkins-ci/modules/systemd-slave-installer/1.1/systemd-slave-installer-1.1.jar:/Users/nancy/.m2/repository/org/jenkins-ci/modules/sshd/2.6/sshd-2.6.jar:/Users/nancy/.m2/repository/org/apache/sshd/sshd-core/1.7.0/sshd-core-1.7.0.jar:/Users/nancy/.m2/repository/org/jenkins-ci/ui/jquery-detached/1.2.1/jquery-detached-1.2.1-core-assets.jar:/Users/nancy/.m2/repository/org/jenkins-ci/ui/bootstrap/1.3.2/bootstrap-1.3.2-core-assets.jar:/Users/nancy/.m2/repository/org/jenkins-ci/ui/handlebars/1.1.1/handlebars-1.1.1-core-assets.jar:/Users/nancy/.m2/repository/org/slf4j/slf4j-jdk14/1.7.26/slf4j-jdk14-1.7.26.jar:/Users/nancy/.m2/repository/javax/servlet/javax.servlet-api/3.1.0/javax.servlet-api-3.1.0.jar:/Users/nancy/.m2/repository/com/github/spotbugs/spotbugs-annotations/3.1.12/spotbugs-annotations-3.1.12.jar:/Users/nancy/.m2/repository/com/google/code/findbugs/jsr305/3.0.2/jsr305-3.0.2.jar:/Users/nancy/.m2/repository/net/jcip/jcip-annotations/1.0/jcip-annotations-1.0.jar:/Users/nancy/.m2/repository/org/codehaus/mojo/animal-sniffer-annotations/1.19/animal-sniffer-annotations-1.19.jar:/Users/nancy/.m2/repository/commons-logging/commons-logging/1.2/commons-logging-1.2.jar:/Users/nancy/.m2/repository/org/kohsuke/access-modifier-annotation/1.14/access-modifier-annotation-1.14.jar:/Users/nancy/.m2/repository/org/jenkins-ci/main/jenkins-test-harness/2.65/jenkins-test-harness-2.65.jar:/Users/nancy/.m2/repository/org/eclipse/jetty/jetty-webapp/9.4.30.v20200611/jetty-webapp-9.4.30.v20200611.jar:/Users/nancy/.m2/repository/org/eclipse/jetty/jetty-xml/9.4.30.v20200611/jetty-xml-9.4.30.v20200611.jar:/Users/nancy/.m2/repository/org/eclipse/jetty/jetty-util/9.4.30.v20200611/jetty-util-9.4.30.v20200611.jar:/Users/nancy/.m2/repository/org/eclipse/jetty/jetty-servlet/9.4.30.v20200611/jetty-servlet-9.4.30.v20200611.jar:/Users/nancy/.m2/repository/org/eclipse/jetty/jetty-security/9.4.30.v20200611/jetty-security-9.4.30.v20200611.jar:/Users/nancy/.m2/repository/org/eclipse/jetty/jetty-server/9.4.30.v20200611/jetty-server-9.4.30.v20200611.jar:/Users/nancy/.m2/repository/org/eclipse/jetty/jetty-io/9.4.30.v20200611/jetty-io-9.4.30.v20200611.jar:/Users/nancy/.m2/repository/org/eclipse/jetty/websocket/websocket-api/9.4.30.v20200611/websocket-api-9.4.30.v20200611.jar:/Users/nancy/.m2/repository/org/eclipse/jetty/websocket/websocket-server/9.4.30.v20200611/websocket-server-9.4.30.v20200611.jar:/Users/nancy/.m2/repository/org/eclipse/jetty/websocket/websocket-common/9.4.30.v20200611/websocket-common-9.4.30.v20200611.jar:/Users/nancy/.m2/repository/org/eclipse/jetty/websocket/websocket-client/9.4.30.v20200611/websocket-client-9.4.30.v20200611.jar:/Users/nancy/.m2/repository/org/eclipse/jetty/jetty-client/9.4.30.v20200611/jetty-client-9.4.30.v20200611.jar:/Users/nancy/.m2/repository/org/eclipse/jetty/websocket/websocket-servlet/9.4.30.v20200611/websocket-servlet-9.4.30.v20200611.jar:/Users/nancy/.m2/repository/org/eclipse/jetty/jetty-http/9.4.30.v20200611/jetty-http-9.4.30.v20200611.jar:/Users/nancy/.m2/repository/org/hamcrest/hamcrest/2.2/hamcrest-2.2.jar:/Users/nancy/.m2/repository/org/hamcrest/hamcrest-core/2.2/hamcrest-core-2.2.jar:/Users/nancy/.m2/repository/org/hamcrest/hamcrest-library/2.2/hamcrest-library-2.2.jar:/Users/nancy/.m2/repository/org/jenkins-ci/main/jenkins-test-harness-htmlunit/2.36.0-1/jenkins-test-harness-htmlunit-2.36.0-1.jar:/Users/nancy/.m2/repository/xalan/serializer/2.7.2/serializer-2.7.2.jar:/Users/nancy/.m2/repository/org/apache/commons/commons-lang3/3.9/commons-lang3-3.9.jar:/Users/nancy/.m2/repository/org/apache/commons/commons-text/1.7/commons-text-1.7.jar:/Users/nancy/.m2/repository/xml-apis/xml-apis/1.4.01/xml-apis-1.4.01.jar:/Users/nancy/.m2/repository/commons-net/commons-net/3.6/commons-net-3.6.jar:/Users/nancy/.m2/repository/org/brotli/dec/0.1.2/dec-0.1.2.jar:/Users/nancy/.m2/repository/org/jvnet/hudson/embedded-rhino-debugger/1.2/embedded-rhino-debugger-1.2.jar:/Users/nancy/.m2/repository/io/jenkins/lib/support-log-formatter/1.0/support-log-formatter-1.0.jar:/Users/nancy/.m2/repository/org/netbeans/modules/org-netbeans-insane/RELEASE111/org-netbeans-insane-RELEASE111.jar:/Users/nancy/.m2/repository/org/openjdk/jmh/jmh-core/1.23/jmh-core-1.23.jar:/Users/nancy/.m2/repository/net/sf/jopt-simple/jopt-simple/4.6/jopt-simple-4.6.jar:/Users/nancy/.m2/repository/org/apache/commons/commons-math3/3.2/commons-math3-3.2.jar:/Users/nancy/.m2/repository/org/openjdk/jmh/jmh-generator-annprocess/1.23/jmh-generator-annprocess-1.23.jar:/Users/nancy/.m2/repository/org/jenkins-ci/test-annotations/1.3/test-annotations-1.3.jar:/Users/nancy/.m2/repository/junit/junit/4.13/junit-4.13.jar:"/>
    <property name="java.vm.vendor" value="Oracle Corporation"/>
    <property name="sun.arch.data.model" value="64"/>
    <property name="sun.font.fontmanager" value="sun.font.CFontManager"/>
    <property name="java.vendor.url" value="http://java.oracle.com/"/>
    <property name="user.timezone" value="Asia/Shanghai"/>
    <property name="java.vm.specification.version" value="1.8"/>
    <property name="os.name" value="Mac OS X"/>
    <property name="user.country" value="CN"/>
    <property name="sun.java.launcher" value="SUN_STANDARD"/>
    <property name="sun.boot.library.path" value="/Library/Java/JavaVirtualMachines/jdk1.8.0_271.jdk/Contents/Home/jre/lib"/>
    <property name="sun.java.command" value="/Users/nancy/Documents/all/rr/publisher/alibabacloud-package-deployment-pipeline/target/surefire/surefirebooter3994465470727994669.jar /Users/nancy/Documents/all/rr/publisher/alibabacloud-package-deployment-pipeline/target/surefire 2023-04-09T12-03-50_143-jvmRun1 surefire487005259411201139tmp surefire_091499849000380220tmp"/>
    <property name="surefire.test.class.path" value="/Users/nancy/Documents/all/rr/publisher/alibabacloud-package-deployment-pipeline/target/test-classes:/Users/nancy/Documents/all/rr/publisher/alibabacloud-package-deployment-pipeline/target/classes:/Users/nancy/.m2/repository/org/powermock/powermock-module-junit4/1.6.5/powermock-module-junit4-1.6.5.jar:/Users/nancy/.m2/repository/org/powermock/powermock-module-junit4-common/1.6.5/powermock-module-junit4-common-1.6.5.jar:/Users/nancy/.m2/repository/org/powermock/powermock-core/1.6.5/powermock-core-1.6.5.jar:/Users/nancy/.m2/repository/org/javassist/javassist/3.20.0-GA/javassist-3.20.0-GA.jar:/Users/nancy/.m2/repository/org/powermock/powermock-reflect/1.6.5/powermock-reflect-1.6.5.jar:/Users/nancy/.m2/repository/org/objenesis/objenesis/3.1/objenesis-3.1.jar:/Users/nancy/.m2/repository/org/slf4j/slf4j-api/1.7.32/slf4j-api-1.7.32.jar:/Users/nancy/.m2/repository/org/jenkins-ci/plugins/workflow/workflow-step-api/2.12/workflow-step-api-2.12.jar:/Users/nancy/.m2/repository/org/jenkins-ci/plugins/structs/1.5/structs-1.5.jar:/Users/nancy/.m2/repository/com/alibaba/fastjson/1.2.73/fastjson-1.2.73.jar:/Users/nancy/.m2/repository/com/aliyun/oss/aliyun-sdk-oss/3.16.1/aliyun-sdk-oss-3.16.1.jar:/Users/nancy/.m2/repository/org/apache/httpcomponents/httpclient/4.5.13/httpclient-4.5.13.jar:/Users/nancy/.m2/repository/org/apache/httpcomponents/httpcore/4.4.13/httpcore-4.4.13.jar:/Users/nancy/.m2/repository/org/jdom/jdom2/2.0.6.1/jdom2-2.0.6.1.jar:/Users/nancy/.m2/repository/org/codehaus/jettison/jettison/1.5.2/jettison-1.5.2.jar:/Users/nancy/.m2/repository/com/aliyun/aliyun-java-sdk-core/4.5.10/aliyun-java-sdk-core-4.5.10.jar:/Users/nancy/.m2/repository/javax/xml/bind/jaxb-api/2.3.1/jaxb-api-2.3.1.jar:/Users/nancy/.m2/repository/javax/activation/javax.activation-api/1.2.0/javax.activation-api-1.2.0.jar:/Users/nancy/.m2/repository/org/jacoco/org.jacoco.agent/0.8.5/org.jacoco.agent-0.8.5-runtime.jar:/Users/nancy/.m2/repository/org/ini4j/ini4j/0.5.4/ini4j-0.5.4.jar:/Users/nancy/.m2/repository/io/opentracing/opentracing-api/0.33.0/opentracing-api-0.33.0.jar:/Users/nancy/.m2/repository/io/opentracing/opentracing-util/0.33.0/opentracing-util-0.33.0.jar:/Users/nancy/.m2/repository/io/opentracing/opentracing-noop/0.33.0/opentracing-noop-0.33.0.jar:/Users/nancy/.m2/repository/com/aliyun/aliyun-java-sdk-ram/3.1.0/aliyun-java-sdk-ram-3.1.0.jar:/Users/nancy/.m2/repository/com/aliyun/aliyun-java-sdk-kms/2.11.0/aliyun-java-sdk-kms-2.11.0.jar:/Users/nancy/.m2/repository/com/aliyun/aliyun-java-sdk-oos/1.5.10/aliyun-java-sdk-oos-1.5.10.jar:/Users/nancy/.m2/repository/com/google/code/gson/gson/2.8.9/gson-2.8.9.jar:/Users/nancy/.m2/repository/org/jenkins-ci/main/jenkins-core/2.190.1/jenkins-core-2.190.1.jar:/Users/nancy/.m2/repository/org/jenkins-ci/plugins/icon-shim/icon-set/1.0.5/icon-set-1.0.5.jar:/Users/nancy/.m2/repository/org/jenkins-ci/main/remoting/3.33/remoting-3.33.jar:/Users/nancy/.m2/repository/org/jenkins-ci/constant-pool-scanner/1.2/constant-pool-scanner-1.2.jar:/Users/nancy/.m2/repository/org/jenkins-ci/main/cli/2.190.1/cli-2.190.1.jar:/Users/nancy/.m2/repository/net/i2p/crypto/eddsa/0.3.0/eddsa-0.3.0.jar:/Users/nancy/.m2/repository/org/jenkins-ci/version-number/1.6/version-number-1.6.jar:/Users/nancy/.m2/repository/com/google/code/findbugs/annotations/3.0.0/annotations-3.0.0.jar:/Users/nancy/.m2/repository/org/jenkins-ci/crypto-util/1.1/crypto-util-1.1.jar:/Users/nancy/.m2/repository/org/jvnet/hudson/jtidy/4aug2000r7-dev-hudson-1/jtidy-4aug2000r7-dev-hudson-1.jar:/Users/nancy/.m2/repository/com/google/inject/guice/4.0/guice-4.0.jar:/Users/nancy/.m2/repository/javax/inject/javax.inject/1/javax.inject-1.jar:/Users/nancy/.m2/repository/aopalliance/aopalliance/1.0/aopalliance-1.0.jar:/Users/nancy/.m2/repository/org/connectbot/jbcrypt/jbcrypt/1.0.0/jbcrypt-1.0.0.jar:/Users/nancy/.m2/repository/org/jruby/ext/posix/jna-posix/1.0.3-jenkins-1/jna-posix-1.0.3-jenkins-1.jar:/Users/nancy/.m2/repository/com/github/jnr/jnr-posix/3.0.45/jnr-posix-3.0.45.jar:/Users/nancy/.m2/repository/com/github/jnr/jnr-ffi/2.1.8/jnr-ffi-2.1.8.jar:/Users/nancy/.m2/repository/com/github/jnr/jffi/1.2.17/jffi-1.2.17.jar:/Users/nancy/.m2/repository/com/github/jnr/jffi/1.2.16/jffi-1.2.16-native.jar:/Users/nancy/.m2/repository/org/ow2/asm/asm/5.0.3/asm-5.0.3.jar:/Users/nancy/.m2/repository/org/ow2/asm/asm-commons/5.0.3/asm-commons-5.0.3.jar:/Users/nancy/.m2/repository/org/ow2/asm/asm-analysis/5.0.3/asm-analysis-5.0.3.jar:/Users/nancy/.m2/repository/org/ow2/asm/asm-tree/5.0.3/asm-tree-5.0.3.jar:/Users/nancy/.m2/repository/org/ow2/asm/asm-util/5.0.3/asm-util-5.0.3.jar:/Users/nancy/.m2/repository/com/github/jnr/jnr-x86asm/1.0.2/jnr-x86asm-1.0.2.jar:/Users/nancy/.m2/repository/com/github/jnr/jnr-constants/0.9.9/jnr-constants-0.9.9.jar:/Users/nancy/.m2/repository/org/kohsuke/stapler/stapler-groovy/1.257.2/stapler-groovy-1.257.2.jar:/Users/nancy/.m2/repository/org/kohsuke/stapler/stapler-jelly/1.257.2/stapler-jelly-1.257.2.jar:/Users/nancy/.m2/repository/org/jenkins-ci/commons-jelly/1.1-jenkins-20120928/commons-jelly-1.1-jenkins-20120928.jar:/Users/nancy/.m2/repository/org/jenkins-ci/dom4j/dom4j/1.6.1-jenkins-4/dom4j-1.6.1-jenkins-4.jar:/Users/nancy/.m2/repository/org/kohsuke/stapler/stapler-jrebel/1.257.2/stapler-jrebel-1.257.2.jar:/Users/nancy/.m2/repository/org/kohsuke/stapler/stapler/1.257.2/stapler-1.257.2.jar:/Users/nancy/.m2/repository/javax/annotation/javax.annotation-api/1.2/javax.annotation-api-1.2.jar:/Users/nancy/.m2/repository/commons-discovery/commons-discovery/0.4/commons-discovery-0.4.jar:/Users/nancy/.m2/repository/org/jvnet/tiger-types/2.2/tiger-types-2.2.jar:/Users/nancy/.m2/repository/org/kohsuke/asm5/5.0.1/asm5-5.0.1.jar:/Users/nancy/.m2/repository/org/kohsuke/windows-package-checker/1.2/windows-package-checker-1.2.jar:/Users/nancy/.m2/repository/org/kohsuke/stapler/stapler-adjunct-zeroclipboard/1.3.5-1/stapler-adjunct-zeroclipboard-1.3.5-1.jar:/Users/nancy/.m2/repository/org/kohsuke/stapler/stapler-adjunct-timeline/1.5/stapler-adjunct-timeline-1.5.jar:/Users/nancy/.m2/repository/org/kohsuke/stapler/stapler-adjunct-codemirror/1.3/stapler-adjunct-codemirror-1.3.jar:/Users/nancy/.m2/repository/io/jenkins/stapler/jenkins-stapler-support/1.1/jenkins-stapler-support-1.1.jar:/Users/nancy/.m2/repository/com/infradna/tool/bridge-method-annotation/1.13/bridge-method-annotation-1.13.jar:/Users/nancy/.m2/repository/org/kohsuke/stapler/json-lib/2.4-jenkins-2/json-lib-2.4-jenkins-2.jar:/Users/nancy/.m2/repository/net/sf/ezmorph/ezmorph/1.0.6/ezmorph-1.0.6.jar:/Users/nancy/.m2/repository/commons-httpclient/commons-httpclient/3.1-jenkins-1/commons-httpclient-3.1-jenkins-1.jar:/Users/nancy/.m2/repository/args4j/args4j/2.33/args4j-2.33.jar:/Users/nancy/.m2/repository/org/jenkins-ci/annotation-indexer/1.12/annotation-indexer-1.12.jar:/Users/nancy/.m2/repository/org/jenkins-ci/bytecode-compatibility-transformer/2.0-beta-2/bytecode-compatibility-transformer-2.0-beta-2.jar:/Users/nancy/.m2/repository/org/kohsuke/asm6/6.2/asm6-6.2.jar:/Users/nancy/.m2/repository/org/jenkins-ci/task-reactor/1.5/task-reactor-1.5.jar:/Users/nancy/.m2/repository/org/jvnet/localizer/localizer/1.26/localizer-1.26.jar:/Users/nancy/.m2/repository/antlr/antlr/2.7.6/antlr-2.7.6.jar:/Users/nancy/.m2/repository/org/jvnet/hudson/xstream/1.4.7-jenkins-1/xstream-1.4.7-jenkins-1.jar:/Users/nancy/.m2/repository/xpp3/xpp3/1.1.4c/xpp3-1.1.4c.jar:/Users/nancy/.m2/repository/net/sf/kxml/kxml2/2.3.0/kxml2-2.3.0.jar:/Users/nancy/.m2/repository/jfree/jfreechart/1.0.9/jfreechart-1.0.9.jar:/Users/nancy/.m2/repository/jfree/jcommon/1.0.12/jcommon-1.0.12.jar:/Users/nancy/.m2/repository/org/apache/ant/ant/1.9.14/ant-1.9.14.jar:/Users/nancy/.m2/repository/org/apache/ant/ant-launcher/1.9.14/ant-launcher-1.9.14.jar:/Users/nancy/.m2/repository/commons-io/commons-io/2.6/commons-io-2.6.jar:/Users/nancy/.m2/repository/commons-lang/commons-lang/2.6/commons-lang-2.6.jar:/Users/nancy/.m2/repository/commons-digester/commons-digester/2.1/commons-digester-2.1.jar:/Users/nancy/.m2/repository/commons-beanutils/commons-beanutils/1.9.3/commons-beanutils-1.9.3.jar:/Users/nancy/.m2/repository/org/apache/commons/commons-compress/1.10/commons-compress-1.10.jar:/Users/nancy/.m2/repository/javax/mail/mail/1.4.4/mail-1.4.4.jar:/Users/nancy/.m2/repository/org/jvnet/hudson/activation/1.1.1-hudson-1/activation-1.1.1-hudson-1.jar:/Users/nancy/.m2/repository/jaxen/jaxen/1.1-beta-11/jaxen-1.1-beta-11.jar:/Users/nancy/.m2/repository/commons-jelly/commons-jelly-tags-fmt/1.0/commons-jelly-tags-fmt-1.0.jar:/Users/nancy/.m2/repository/commons-jelly/commons-jelly-tags-xml/1.1/commons-jelly-tags-xml-1.1.jar:/Users/nancy/.m2/repository/org/jvnet/hudson/commons-jelly-tags-define/1.0.1-hudson-20071021/commons-jelly-tags-define-1.0.1-hudson-20071021.jar:/Users/nancy/.m2/repository/org/jenkins-ci/commons-jexl/1.1-jenkins-20111212/commons-jexl-1.1-jenkins-20111212.jar:/Users/nancy/.m2/repository/org/acegisecurity/acegi-security/1.0.7/acegi-security-1.0.7.jar:/Users/nancy/.m2/repository/org/springframework/spring-jdbc/1.2.9/spring-jdbc-1.2.9.jar:/Users/nancy/.m2/repository/org/springframework/spring-dao/1.2.9/spring-dao-1.2.9.jar:/Users/nancy/.m2/repository/oro/oro/2.0.8/oro-2.0.8.jar:/Users/nancy/.m2/repository/log4j/log4j/1.2.17/log4j-1.2.17.jar:/Users/nancy/.m2/repository/org/codehaus/groovy/groovy-all/2.4.12/groovy-all-2.4.12.jar:/Users/nancy/.m2/repository/jline/jline/2.12/jline-2.12.jar:/Users/nancy/.m2/repository/org/fusesource/jansi/jansi/1.11/jansi-1.11.jar:/Users/nancy/.m2/repository/org/springframework/spring-webmvc/2.5.6.SEC03/spring-webmvc-2.5.6.SEC03.jar:/Users/nancy/.m2/repository/org/springframework/spring-beans/2.5.6.SEC03/spring-beans-2.5.6.SEC03.jar:/Users/nancy/.m2/repository/org/springframework/spring-context/2.5.6.SEC03/spring-context-2.5.6.SEC03.jar:/Users/nancy/.m2/repository/org/springframework/spring-context-support/2.5.6.SEC03/spring-context-support-2.5.6.SEC03.jar:/Users/nancy/.m2/repository/org/springframework/spring-web/2.5.6.SEC03/spring-web-2.5.6.SEC03.jar:/Users/nancy/.m2/repository/org/springframework/spring-core/2.5.6.SEC03/spring-core-2.5.6.SEC03.jar:/Users/nancy/.m2/repository/org/springframework/spring-aop/2.5.6.SEC03/spring-aop-2.5.6.SEC03.jar:/Users/nancy/.m2/repository/javax/servlet/jsp/jstl/javax.servlet.jsp.jstl-api/1.2.1/javax.servlet.jsp.jstl-api-1.2.1.jar:/Users/nancy/.m2/repository/org/slf4j/jcl-over-slf4j/1.7.26/jcl-over-slf4j-1.7.26.jar:/Users/nancy/.m2/repository/org/slf4j/log4j-over-slf4j/1.7.26/log4j-over-slf4j-1.7.26.jar:/Users/nancy/.m2/repository/com/sun/xml/txw2/txw2/20110809/txw2-20110809.jar:/Users/nancy/.m2/repository/javax/xml/stream/stax-api/1.0-2/stax-api-1.0-2.jar:/Users/nancy/.m2/repository/relaxngDatatype/relaxngDatatype/20020414/relaxngDatatype-20020414.jar:/Users/nancy/.m2/repository/commons-collections/commons-collections/3.2.2/commons-collections-3.2.2.jar:/Users/nancy/.m2/repository/org/jvnet/winp/winp/1.28/winp-1.28.jar:/Users/nancy/.m2/repository/org/jenkins-ci/memory-monitor/1.9/memory-monitor-1.9.jar:/Users/nancy/.m2/repository/org/codehaus/woodstox/wstx-asl/3.2.9/wstx-asl-3.2.9.jar:/Users/nancy/.m2/repository/stax/stax-api/1.0.1/stax-api-1.0.1.jar:/Users/nancy/.m2/repository/org/jmdns/jmdns/3.5.5/jmdns-3.5.5.jar:/Users/nancy/.m2/repository/net/java/dev/jna/jna/5.3.1/jna-5.3.1.jar:/Users/nancy/.m2/repository/org/kohsuke/akuma/1.10/akuma-1.10.jar:/Users/nancy/.m2/repository/org/kohsuke/libpam4j/1.11/libpam4j-1.11.jar:/Users/nancy/.m2/repository/org/kohsuke/libzfs/0.8/libzfs-0.8.jar:/Users/nancy/.m2/repository/com/sun/solaris/embedded_su4j/1.1/embedded_su4j-1.1.jar:/Users/nancy/.m2/repository/net/java/sezpoz/sezpoz/1.13/sezpoz-1.13.jar:/Users/nancy/.m2/repository/org/kohsuke/jinterop/j-interop/2.0.6-kohsuke-1/j-interop-2.0.6-kohsuke-1.jar:/Users/nancy/.m2/repository/org/kohsuke/jinterop/j-interopdeps/2.0.6-kohsuke-1/j-interopdeps-2.0.6-kohsuke-1.jar:/Users/nancy/.m2/repository/org/samba/jcifs/jcifs/1.3.17-kohsuke-1/jcifs-1.3.17-kohsuke-1.jar:/Users/nancy/.m2/repository/org/jvnet/robust-http-client/robust-http-client/1.2/robust-http-client-1.2.jar:/Users/nancy/.m2/repository/org/jenkins-ci/symbol-annotation/1.1/symbol-annotation-1.1.jar:/Users/nancy/.m2/repository/commons-codec/commons-codec/1.12/commons-codec-1.12.jar:/Users/nancy/.m2/repository/commons-fileupload/commons-fileupload/1.3.1-jenkins-2/commons-fileupload-1.3.1-jenkins-2.jar:/Users/nancy/.m2/repository/com/google/guava/guava/11.0.1/guava-11.0.1.jar:/Users/nancy/.m2/repository/com/jcraft/jzlib/1.1.3-kohsuke-1/jzlib-1.1.3-kohsuke-1.jar:/Users/nancy/.m2/repository/org/jenkins-ci/main/jenkins-war/2.190.1/jenkins-war-2.190.1.war:/Users/nancy/.m2/repository/org/jenkins-ci/modules/instance-identity/2.2/instance-identity-2.2.jar:/Users/nancy/.m2/repository/io/github/stephenc/crypto/self-signed-cert-generator/1.0.0/self-signed-cert-generator-1.0.0.jar:/Users/nancy/.m2/repository/org/jenkins-ci/modules/ssh-cli-auth/1.7/ssh-cli-auth-1.7.jar:/Users/nancy/.m2/repository/org/jenkins-ci/modules/slave-installer/1.6/slave-installer-1.6.jar:/Users/nancy/.m2/repository/org/jenkins-ci/modules/windows-slave-installer/1.11/windows-slave-installer-1.11.jar:/Users/nancy/.m2/repository/org/jenkins-ci/modules/launchd-slave-installer/1.2/launchd-slave-installer-1.2.jar:/Users/nancy/.m2/repository/org/jenkins-ci/modules/upstart-slave-installer/1.1/upstart-slave-installer-1.1.jar:/Users/nancy/.m2/repository/org/jenkins-ci/modules/systemd-slave-installer/1.1/systemd-slave-installer-1.1.jar:/Users/nancy/.m2/repository/org/jenkins-ci/modules/sshd/2.6/sshd-2.6.jar:/Users/nancy/.m2/repository/org/apache/sshd/sshd-core/1.7.0/sshd-core-1.7.0.jar:/Users/nancy/.m2/repository/org/jenkins-ci/ui/jquery-detached/1.2.1/jquery-detached-1.2.1-core-assets.jar:/Users/nancy/.m2/repository/org/jenkins-ci/ui/bootstrap/1.3.2/bootstrap-1.3.2-core-assets.jar:/Users/nancy/.m2/repository/org/jenkins-ci/ui/handlebars/1.1.1/handlebars-1.1.1-core-assets.jar:/Users/nancy/.m2/repository/org/slf4j/slf4j-jdk14/1.7.26/slf4j-jdk14-1.7.26.jar:/Users/nancy/.m2/repository/javax/servlet/javax.servlet-api/3.1.0/javax.servlet-api-3.1.0.jar:/Users/nancy/.m2/repository/com/github/spotbugs/spotbugs-annotations/3.1.12/spotbugs-annotations-3.1.12.jar:/Users/nancy/.m2/repository/com/google/code/findbugs/jsr305/3.0.2/jsr305-3.0.2.jar:/Users/nancy/.m2/repository/net/jcip/jcip-annotations/1.0/jcip-annotations-1.0.jar:/Users/nancy/.m2/repository/org/codehaus/mojo/animal-sniffer-annotations/1.19/animal-sniffer-annotations-1.19.jar:/Users/nancy/.m2/repository/commons-logging/commons-logging/1.2/commons-logging-1.2.jar:/Users/nancy/.m2/repository/org/kohsuke/access-modifier-annotation/1.14/access-modifier-annotation-1.14.jar:/Users/nancy/.m2/repository/org/jenkins-ci/main/jenkins-test-harness/2.65/jenkins-test-harness-2.65.jar:/Users/nancy/.m2/repository/org/eclipse/jetty/jetty-webapp/9.4.30.v20200611/jetty-webapp-9.4.30.v20200611.jar:/Users/nancy/.m2/repository/org/eclipse/jetty/jetty-xml/9.4.30.v20200611/jetty-xml-9.4.30.v20200611.jar:/Users/nancy/.m2/repository/org/eclipse/jetty/jetty-util/9.4.30.v20200611/jetty-util-9.4.30.v20200611.jar:/Users/nancy/.m2/repository/org/eclipse/jetty/jetty-servlet/9.4.30.v20200611/jetty-servlet-9.4.30.v20200611.jar:/Users/nancy/.m2/repository/org/eclipse/jetty/jetty-security/9.4.30.v20200611/jetty-security-9.4.30.v20200611.jar:/Users/nancy/.m2/repository/org/eclipse/jetty/jetty-server/9.4.30.v20200611/jetty-server-9.4.30.v20200611.jar:/Users/nancy/.m2/repository/org/eclipse/jetty/jetty-io/9.4.30.v20200611/jetty-io-9.4.30.v20200611.jar:/Users/nancy/.m2/repository/org/eclipse/jetty/websocket/websocket-api/9.4.30.v20200611/websocket-api-9.4.30.v20200611.jar:/Users/nancy/.m2/repository/org/eclipse/jetty/websocket/websocket-server/9.4.30.v20200611/websocket-server-9.4.30.v20200611.jar:/Users/nancy/.m2/repository/org/eclipse/jetty/websocket/websocket-common/9.4.30.v20200611/websocket-common-9.4.30.v20200611.jar:/Users/nancy/.m2/repository/org/eclipse/jetty/websocket/websocket-client/9.4.30.v20200611/websocket-client-9.4.30.v20200611.jar:/Users/nancy/.m2/repository/org/eclipse/jetty/jetty-client/9.4.30.v20200611/jetty-client-9.4.30.v20200611.jar:/Users/nancy/.m2/repository/org/eclipse/jetty/websocket/websocket-servlet/9.4.30.v20200611/websocket-servlet-9.4.30.v20200611.jar:/Users/nancy/.m2/repository/org/eclipse/jetty/jetty-http/9.4.30.v20200611/jetty-http-9.4.30.v20200611.jar:/Users/nancy/.m2/repository/org/hamcrest/hamcrest/2.2/hamcrest-2.2.jar:/Users/nancy/.m2/repository/org/hamcrest/hamcrest-core/2.2/hamcrest-core-2.2.jar:/Users/nancy/.m2/repository/org/hamcrest/hamcrest-library/2.2/hamcrest-library-2.2.jar:/Users/nancy/.m2/repository/org/jenkins-ci/main/jenkins-test-harness-htmlunit/2.36.0-1/jenkins-test-harness-htmlunit-2.36.0-1.jar:/Users/nancy/.m2/repository/xalan/serializer/2.7.2/serializer-2.7.2.jar:/Users/nancy/.m2/repository/org/apache/commons/commons-lang3/3.9/commons-lang3-3.9.jar:/Users/nancy/.m2/repository/org/apache/commons/commons-text/1.7/commons-text-1.7.jar:/Users/nancy/.m2/repository/xml-apis/xml-apis/1.4.01/xml-apis-1.4.01.jar:/Users/nancy/.m2/repository/commons-net/commons-net/3.6/commons-net-3.6.jar:/Users/nancy/.m2/repository/org/brotli/dec/0.1.2/dec-0.1.2.jar:/Users/nancy/.m2/repository/org/jvnet/hudson/embedded-rhino-debugger/1.2/embedded-rhino-debugger-1.2.jar:/Users/nancy/.m2/repository/io/jenkins/lib/support-log-formatter/1.0/support-log-formatter-1.0.jar:/Users/nancy/.m2/repository/org/netbeans/modules/org-netbeans-insane/RELEASE111/org-netbeans-insane-RELEASE111.jar:/Users/nancy/.m2/repository/org/openjdk/jmh/jmh-core/1.23/jmh-core-1.23.jar:/Users/nancy/.m2/repository/net/sf/jopt-simple/jopt-simple/4.6/jopt-simple-4.6.jar:/Users/nancy/.m2/repository/org/apache/commons/commons-math3/3.2/commons-math3-3.2.jar:/Users/nancy/.m2/repository/org/openjdk/jmh/jmh-generator-annprocess/1.23/jmh-generator-annprocess-1.23.jar:/Users/nancy/.m2/repository/org/jenkins-ci/test-annotations/1.3/test-annotations-1.3.jar:/Users/nancy/.m2/repository/junit/junit/4.13/junit-4.13.jar:"/>
    <property name="sun.cpu.endian" value="little"/>
    <property name="user.home" value="/Users/nancy"/>
    <property name="user.language" value="zh"/>
    <property name="java.specification.vendor" value="Oracle Corporation"/>
    <property name="org.mortbay.jetty.Request.maxFormContentSize" value="-1"/>
    <property name="java.home" value="/Library/Java/JavaVirtualMachines/jdk1.8.0_271.jdk/Contents/Home/jre"/>
    <property name="basedir" value="/Users/nancy/Documents/all/rr/publisher/alibabacloud-package-deployment-pipeline"/>
    <property name="file.separator" value="/"/>
    <property name="line.separator" value="&#10;"/>
    <property name="java.vm.specification.vendor" value="Oracle Corporation"/>
    <property name="java.specification.name" value="Java Platform API Specification"/>
    <property name="java.awt.graphicsenv" value="sun.awt.CGraphicsEnvironment"/>
    <property name="java.awt.headless" value="true"/>
    <property name="surefire.real.class.path" value="/Users/nancy/Documents/all/rr/publisher/alibabacloud-package-deployment-pipeline/target/surefire/surefirebooter3994465470727994669.jar"/>
    <property name="sun.boot.class.path" value="/Library/Java/JavaVirtualMachines/jdk1.8.0_271.jdk/Contents/Home/jre/lib/resources.jar:/Library/Java/JavaVirtualMachines/jdk1.8.0_271.jdk/Contents/Home/jre/lib/rt.jar:/Library/Java/JavaVirtualMachines/jdk1.8.0_271.jdk/Contents/Home/jre/lib/sunrsasign.jar:/Library/Java/JavaVirtualMachines/jdk1.8.0_271.jdk/Contents/Home/jre/lib/jsse.jar:/Library/Java/JavaVirtualMachines/jdk1.8.0_271.jdk/Contents/Home/jre/lib/jce.jar:/Library/Java/JavaVirtualMachines/jdk1.8.0_271.jdk/Contents/Home/jre/lib/charsets.jar:/Library/Java/JavaVirtualMachines/jdk1.8.0_271.jdk/Contents/Home/jre/lib/jfr.jar:/Library/Java/JavaVirtualMachines/jdk1.8.0_271.jdk/Contents/Home/jre/classes"/>
    <property name="sun.management.compiler" value="HotSpot 64-Bit Tiered Compilers"/>
    <property name="java.runtime.version" value="1.8.0_271-b09"/>
    <property name="user.name" value="nancy"/>
    <property name="path.separator" value=":"/>
    <property name="os.version" value="10.15.7"/>
    <property name="java.endorsed.dirs" value="/Library/Java/JavaVirtualMachines/jdk1.8.0_271.jdk/Contents/Home/jre/lib/endorsed"/>
    <property name="java.runtime.name" value="Java(TM) SE Runtime Environment"/>
    <property name="file.encoding" value="UTF-8"/>
    <property name="jnidispatch.path" value="/Users/nancy/Library/Caches/JNA/temp/jna1638989224946590567.tmp"/>
    <property name="java.vm.name" value="Java HotSpot(TM) 64-Bit Server VM"/>
    <property name="jna.platform.library.path" value="/usr/lib:/usr/lib"/>
    <property name="localRepository" value="/Users/nancy/.m2/repository"/>
    <property name="jna.loaded" value="true"/>
    <property name="java.vendor.url.bug" value="http://bugreport.sun.com/bugreport/"/>
    <property name="jetty.git.hash" value="271836e4c1f4612f12b7bb13ef5a92a927634b0d"/>
    <property name="java.io.tmpdir" value="/Users/nancy/Documents/all/rr/publisher/alibabacloud-package-deployment-pipeline/target/tmp"/>
    <property name="java.version" value="1.8.0_271"/>
    <property name="user.dir" value="/Users/nancy/Documents/all/rr/publisher/alibabacloud-package-deployment-pipeline"/>
    <property name="os.arch" value="x86_64"/>
    <property name="jenkins.model.Jenkins.SHOW_STACK_TRACE" value="true"/>
    <property name="java.vm.specification.name" value="Java Virtual Machine Specification"/>
    <property name="java.awt.printerjob" value="sun.lwawt.macosx.CPrinterJob"/>
    <property name="sun.os.patch.level" value="unknown"/>
    <property name="java.library.path" value="/Users/nancy/Library/Java/Extensions:/Library/Java/Extensions:/Network/Library/Java/Extensions:/System/Library/Java/Extensions:/usr/lib/java:."/>
    <property name="java.vm.info" value="mixed mode"/>
    <property name="java.vendor" value="Oracle Corporation"/>
    <property name="java.vm.version" value="25.271-b09"/>
    <property name="java.ext.dirs" value="/Users/nancy/Library/Java/Extensions:/Library/Java/JavaVirtualMachines/jdk1.8.0_271.jdk/Contents/Home/jre/lib/ext:/Library/Java/Extensions:/Network/Library/Java/Extensions:/System/Library/Java/Extensions:/usr/lib/java"/>
    <property name="sun.io.unicode.encoding" value="UnicodeBig"/>
    <property name="java.class.version" value="52.0"/>
  </properties>
  <testcase name="gettersWorkAsExpected" classname="org.jenkinsci.plugins.OosStatusQueryStepTest" time="0"/>
</testsuite>